<?xml version="1.0" encoding="UTF-8"?>
<!-- Generated by org.testng.reporters.JUnitXMLReporter -->
<testsuite ignored="0" hostname="DESKTOP-0KMKOQQ" failures="0" tests="39" name="Different Coat" time="0.457" errors="0" timestamp="2024-05-09T17:15:52 BST">
  <testcase classname="com.nwrc.HelperTest.HelperTests" name="@BeforeTest setupPositiveTest" time="0.006">
    <failure type="java.lang.NullPointerException" message="Cannot invoke &amp;quot;java.util.List.size()&amp;quot; because &amp;quot;allMyRecords&amp;quot; is null">
      <![CDATA[java.lang.NullPointerException: Cannot invoke "java.util.List.size()" because "allMyRecords" is null
at com.nwrc.HelperTest.HelperTests.setupPositiveTest(HelperTests.java:24)
... Removed 22 stack frames]]>
    </failure>
  </testcase> <!-- @BeforeTest setupPositiveTest -->
  <testcase classname="com.nwrc.TradeTest.TradeTests" name="@BeforeTest setupNegativeTest" time="0.0">
    <skipped/>
  </testcase> <!-- @BeforeTest setupNegativeTest -->
  <testcase classname="com.nwrc.TradeTest.TradeTests" name="@BeforeTest setupPositiveTest" time="0.0">
    <skipped/>
  </testcase> <!-- @BeforeTest setupPositiveTest -->
  <testcase classname="com.nwrc.CustomerTest.CustomerTests" name="@AfterTest disposeObject" time="0.0">
    <skipped/>
  </testcase> <!-- @AfterTest disposeObject -->
  <testcase classname="com.nwrc.CustomerTest.CustomerTests" name="getCoverage18p1" time="0.0">
    <skipped/>
  </testcase> <!-- getCoverage18p1 -->
  <testcase classname="com.nwrc.CustomerTest.CustomerTests" name="getCoverage19p1" time="0.0">
    <skipped/>
  </testcase> <!-- getCoverage19p1 -->
  <testcase classname="com.nwrc.CustomerTest.CustomerTests" name="getCoverage20p1" time="0.0">
    <skipped/>
  </testcase> <!-- getCoverage20p1 -->
  <testcase classname="com.nwrc.CustomerTest.CustomerTests" name="getCoverage21p1" time="0.0">
    <skipped/>
  </testcase> <!-- getCoverage21p1 -->
  <testcase classname="com.nwrc.CustomerTest.CustomerTests" name="getCoverage22p1" time="0.0">
    <skipped/>
  </testcase> <!-- getCoverage22p1 -->
  <testcase classname="com.nwrc.CustomerTest.CustomerTests" name="getCoverage23p1" time="0.0">
    <skipped/>
  </testcase> <!-- getCoverage23p1 -->
  <testcase classname="com.nwrc.CustomerTest.CustomerTests" name="getCoverage24p1" time="0.001">
    <skipped/>
  </testcase> <!-- getCoverage24p1 -->
  <testcase classname="com.nwrc.CustomerTest.CustomerTests" name="getCoverage25p1" time="0.0">
    <skipped/>
  </testcase> <!-- getCoverage25p1 -->
  <testcase classname="com.nwrc.CustomerTest.CustomerTests" name="getCoverage26p1" time="0.0">
    <skipped/>
  </testcase> <!-- getCoverage26p1 -->
  <testcase classname="com.nwrc.CustomerTest.CustomerTests" name="getCoverage27p1" time="0.0">
    <skipped/>
  </testcase> <!-- getCoverage27p1 -->
  <testcase classname="com.nwrc.GeneralTest.GeneralTests" name="getCustomerAddress2p1" time="0.0">
    <skipped/>
  </testcase> <!-- getCustomerAddress2p1 -->
  <testcase classname="com.nwrc.GeneralTest.GeneralTests" name="getCustomerAddress2p2" time="0.001">
    <skipped/>
  </testcase> <!-- getCustomerAddress2p2 -->
  <testcase classname="com.nwrc.GeneralTest.GeneralTests" name="getCustomerName7p1" time="0.0">
    <skipped/>
  </testcase> <!-- getCustomerName7p1 -->
  <testcase classname="com.nwrc.GeneralTest.GeneralTests" name="getCustomerName7p2" time="0.0">
    <skipped/>
  </testcase> <!-- getCustomerName7p2 -->
  <testcase classname="com.nwrc.GeneralTest.GeneralTests" name="getCustomerTelNo3p1" time="0.001">
    <skipped/>
  </testcase> <!-- getCustomerTelNo3p1 -->
  <testcase classname="com.nwrc.GeneralTest.GeneralTests" name="getCustomerTelNo3p2" time="0.0">
    <skipped/>
  </testcase> <!-- getCustomerTelNo3p2 -->
  <testcase classname="com.nwrc.GeneralTest.GeneralTests" name="getCustomerType1p1" time="0.001">
    <skipped/>
  </testcase> <!-- getCustomerType1p1 -->
  <testcase classname="com.nwrc.GeneralTest.GeneralTests" name="getCustomerType1p2" time="0.0">
    <skipped/>
  </testcase> <!-- getCustomerType1p2 -->
  <testcase classname="com.nwrc.GeneralTest.GeneralTests" name="getHeight5p1" time="0.0">
    <skipped/>
  </testcase> <!-- getHeight5p1 -->
  <testcase classname="com.nwrc.GeneralTest.GeneralTests" name="getHeight5p2" time="0.0">
    <skipped/>
  </testcase> <!-- getHeight5p2 -->
  <testcase classname="com.nwrc.GeneralTest.GeneralTests" name="getRoomShape4p1" time="0.0">
    <skipped/>
  </testcase> <!-- getRoomShape4p1 -->
  <testcase classname="com.nwrc.GeneralTest.GeneralTests" name="getRoomShape4p2" time="0.0">
    <skipped/>
  </testcase> <!-- getRoomShape4p2 -->
  <testcase classname="com.nwrc.GeneralTest.GeneralTests" name="getWidth6p1" time="0.0">
    <skipped/>
  </testcase> <!-- getWidth6p1 -->
  <testcase classname="com.nwrc.GeneralTest.GeneralTests" name="getWidth6p2" time="0.0">
    <skipped/>
  </testcase> <!-- getWidth6p2 -->
  <testcase classname="com.nwrc.HelperTest.HelperTests" name="getCustomerType1p1" time="0.0">
    <skipped/>
  </testcase> <!-- getCustomerType1p1 -->
  <testcase classname="com.nwrc.testdataaccess.ConstantsTest" name="testCoverage13p1" time="0.0">
    <skipped/>
  </testcase> <!-- testCoverage13p1 -->
  <testcase classname="com.nwrc.testdataaccess.ConstantsTest" name="testDoorSize15p1" time="0.0">
    <skipped/>
  </testcase> <!-- testDoorSize15p1 -->
  <testcase classname="com.nwrc.testdataaccess.ConstantsTest" name="testGallons16p1" time="0.0">
    <skipped/>
  </testcase> <!-- testGallons16p1 -->
  <testcase classname="com.nwrc.testdataaccess.ConstantsTest" name="testWindowSize14p1" time="0.0">
    <skipped/>
  </testcase> <!-- testWindowSize14p1 -->
  <testcase classname="com.nwrc.TradeTest.TradeTests" name="getCustomerAddress9p1" time="0.0">
    <skipped/>
  </testcase> <!-- getCustomerAddress9p1 -->
  <testcase classname="com.nwrc.TradeTest.TradeTests" name="getCustomerAddress9p2" time="0.0">
    <skipped/>
  </testcase> <!-- getCustomerAddress9p2 -->
  <testcase classname="com.nwrc.TradeTest.TradeTests" name="getCustomerTelNo10p1" time="0.001">
    <skipped/>
  </testcase> <!-- getCustomerTelNo10p1 -->
  <testcase classname="com.nwrc.TradeTest.TradeTests" name="getCustomerTelNo10p2" time="0.0">
    <skipped/>
  </testcase> <!-- getCustomerTelNo10p2 -->
  <testcase classname="com.nwrc.TradeTest.TradeTests" name="getCustomerType8p1" time="0.0">
    <skipped/>
  </testcase> <!-- getCustomerType8p1 -->
  <testcase classname="com.nwrc.TradeTest.TradeTests" name="getCustomerType8p2" time="0.0">
    <skipped/>
  </testcase> <!-- getCustomerType8p2 -->
  <testcase classname="com.nwrc.TradeTest.TradeTests" name="getSurfaceArea11p1" time="0.0">
    <skipped/>
  </testcase> <!-- getSurfaceArea11p1 -->
  <testcase classname="com.nwrc.TradeTest.TradeTests" name="getSurfaceArea11p2" time="0.0">
    <skipped/>
  </testcase> <!-- getSurfaceArea11p2 -->
  <testcase classname="com.nwrc.TradeTest.TradeTests" name="getTradeName12p1" time="0.0">
    <skipped/>
  </testcase> <!-- getTradeName12p1 -->
  <testcase classname="com.nwrc.TradeTest.TradeTests" name="getTradeName12p2" time="0.0">
    <skipped/>
  </testcase> <!-- getTradeName12p2 -->
</testsuite> <!-- Different Coat -->
