<?xml version="1.0" encoding="UTF-8"?>
<!-- Generated by org.testng.reporters.JUnitXMLReporter -->
<testsuite ignored="0" hostname="DESKTOP-0KMKOQQ" failures="0" tests="4" name="Default test" time="0.083" errors="0" timestamp="2024-05-09T14:30:00 BST">
  <testcase classname="com.nwrc.testdataaccess.ConstantsTest" name="testCoverage13p1" time="0.017"/>
  <testcase classname="com.nwrc.testdataaccess.ConstantsTest" name="testDoorSize15p1" time="0.002"/>
  <testcase classname="com.nwrc.testdataaccess.ConstantsTest" name="testGallons16p1" time="0.003"/>
  <testcase classname="com.nwrc.testdataaccess.ConstantsTest" name="testWindowSize14p1" time="0.001"/>
</testsuite> <!-- Default test -->
